# JRE version: Java(TM) SE Runtime Environment (8.0_221-b11) (build 1.8.0_221-b11)
# Java VM: Java HotSpot(TM) 64-Bit Server VM (25.221-b11 mixed mode windows-amd64 compressed oops)
Heap:
 PSYoungGen      total 177152K, used 6111K [0x00000000d5e00000, 0x00000000e1c00000, 0x0000000100000000)
  eden space 161792K, 3% used [0x00000000d5e00000,0x00000000d63f7d58,0x00000000dfc00000)
  from space 15360K, 0% used [0x00000000dfe00000,0x00000000dfe00000,0x00000000e0d00000)
  to   space 12800K, 0% used [0x00000000e0f80000,0x00000000e0f80000,0x00000000e1c00000)
 ParOldGen       total 1380352K, used 1202903K [0x0000000081a00000, 0x00000000d5e00000, 0x00000000d5e00000)
  object space 1380352K, 87% used [0x0000000081a00000,0x00000000cb0b5f70,0x00000000d5e00000)
 Metaspace       used 49390K, capacity 52130K, committed 52696K, reserved 1095680K
  class space    used 6574K, capacity 7020K, committed 7168K, reserved 1048576K
GC Heap History (10 events):
Event: 198.487 GC heap before
{Heap before GC invocations=13 (full 2):
 PSYoungGen      total 174592K, used 28344K [0x00000000d5e00000, 0x00000000e1c00000, 0x0000000100000000)
  eden space 161792K, 9% used [0x00000000d5e00000,0x00000000d6d6b278,0x00000000dfc00000)
  from space 12800K, 98% used [0x00000000e0f80000,0x00000000e1bc2fd0,0x00000000e1c00000)
  to   space 15360K, 0% used [0x00000000dfe00000,0x00000000dfe00000,0x00000000e0d00000)
 ParOldGen       total 1380352K, used 1203391K [0x0000000081a00000, 0x00000000d5e00000, 0x00000000d5e00000)
  object space 1380352K, 87% used [0x0000000081a00000,0x00000000cb12fd38,0x00000000d5e00000)
 Metaspace       used 49644K, capacity 52528K, committed 52696K, reserved 1095680K
  class space    used 6608K, capacity 7087K, committed 7168K, reserved 1048576K
Event: 209.130 GC heap after
Heap after GC invocations=13 (full 2):
 PSYoungGen      total 177152K, used 11786K [0x00000000d5e00000, 0x00000000e1c00000, 0x0000000100000000)
  eden space 161792K, 0% used [0x00000000d5e00000,0x00000000d5e00000,0x00000000dfc00000)
  from space 15360K, 76% used [0x00000000dfe00000,0x00000000e0982a00,0x00000000e0d00000)
  to   space 12800K, 0% used [0x00000000e0f80000,0x00000000e0f80000,0x00000000e1c00000)
 ParOldGen       total 1380352K, used 1203391K [0x0000000081a00000, 0x00000000d5e00000, 0x00000000d5e00000)
  object space 1380352K, 87% used [0x0000000081a00000,0x00000000cb12fd38,0x00000000d5e00000)
 Metaspace       used 49644K, capacity 52528K, committed 52696K, reserved 1095680K
  class space    used 6608K, capacity 7087K, committed 7168K, reserved 1048576K
}
Event: 209.130 GC heap before
{Heap before GC invocations=14 (full 2):
 PSYoungGen      total 177152K, used 11786K [0x00000000d5e00000, 0x00000000e1c00000, 0x0000000100000000)
  eden space 161792K, 0% used [0x00000000d5e00000,0x00000000d5e00000,0x00000000dfc00000)
  from space 15360K, 76% used [0x00000000dfe00000,0x00000000e0982a00,0x00000000e0d00000)
  to   space 12800K, 0% used [0x00000000e0f80000,0x00000000e0f80000,0x00000000e1c00000)
 ParOldGen       total 1380352K, used 1203391K [0x0000000081a00000, 0x00000000d5e00000, 0x00000000d5e00000)
  object space 1380352K, 87% used [0x0000000081a00000,0x00000000cb12fd38,0x00000000d5e00000)
 Metaspace       used 49644K, capacity 52528K, committed 52696K, reserved 1095680K
  class space    used 6608K, capacity 7087K, committed 7168K, reserved 1048576K
Event: 211.177 GC heap after
Heap after GC invocations=14 (full 2):
 PSYoungGen      total 174592K, used 11710K [0x00000000d5e00000, 0x00000000e1c00000, 0x0000000100000000)
  eden space 161792K, 0% used [0x00000000d5e00000,0x00000000d5e00000,0x00000000dfc00000)
  from space 12800K, 91% used [0x00000000e0f80000,0x00000000e1aefa50,0x00000000e1c00000)
  to   space 15360K, 0% used [0x00000000dfe00000,0x00000000dfe00000,0x00000000e0d00000)
 ParOldGen       total 1380352K, used 1203399K [0x0000000081a00000, 0x00000000d5e00000, 0x00000000d5e00000)
  object space 1380352K, 87% used [0x0000000081a00000,0x00000000cb131d38,0x00000000d5e00000)
 Metaspace       used 49644K, capacity 52528K, committed 52696K, reserved 1095680K
  class space    used 6608K, capacity 7087K, committed 7168K, reserved 1048576K
}
Event: 211.177 GC heap before
{Heap before GC invocations=15 (full 3):
 PSYoungGen      total 174592K, used 11710K [0x00000000d5e00000, 0x00000000e1c00000, 0x0000000100000000)
  eden space 161792K, 0% used [0x00000000d5e00000,0x00000000d5e00000,0x00000000dfc00000)
  from space 12800K, 91% used [0x00000000e0f80000,0x00000000e1aefa50,0x00000000e1c00000)
  to   space 15360K, 0% used [0x00000000dfe00000,0x00000000dfe00000,0x00000000e0d00000)
 ParOldGen       total 1380352K, used 1203399K [0x0000000081a00000, 0x00000000d5e00000, 0x00000000d5e00000)
  object space 1380352K, 87% used [0x0000000081a00000,0x00000000cb131d38,0x00000000d5e00000)
 Metaspace       used 49644K, capacity 52528K, committed 52696K, reserved 1095680K
  class space    used 6608K, capacity 7087K, committed 7168K, reserved 1048576K
Event: 234.691 GC heap after
Heap after GC invocations=15 (full 3):
 PSYoungGen      total 174592K, used 0K [0x00000000d5e00000, 0x00000000e1c00000, 0x0000000100000000)
  eden space 161792K, 0% used [0x00000000d5e00000,0x00000000d5e00000,0x00000000dfc00000)
  from space 12800K, 0% used [0x00000000e0f80000,0x00000000e0f80000,0x00000000e1c00000)
  to   space 15360K, 0% used [0x00000000dfe00000,0x00000000dfe00000,0x00000000e0d00000)
 ParOldGen       total 1380352K, used 1207662K [0x0000000081a00000, 0x00000000d5e00000, 0x00000000d5e00000)
  object space 1380352K, 87% used [0x0000000081a00000,0x00000000cb55b918,0x00000000d5e00000)
 Metaspace       used 49644K, capacity 52528K, committed 52696K, reserved 1095680K
  class space    used 6608K, capacity 7087K, committed 7168K, reserved 1048576K
}
Event: 234.692 GC heap before
{Heap before GC invocations=16 (full 3):
 PSYoungGen      total 174592K, used 0K [0x00000000d5e00000, 0x00000000e1c00000, 0x0000000100000000)
  eden space 161792K, 0% used [0x00000000d5e00000,0x00000000d5e00000,0x00000000dfc00000)
  from space 12800K, 0% used [0x00000000e0f80000,0x00000000e0f80000,0x00000000e1c00000)
  to   space 15360K, 0% used [0x00000000dfe00000,0x00000000dfe00000,0x00000000e0d00000)
 ParOldGen       total 1380352K, used 1207662K [0x0000000081a00000, 0x00000000d5e00000, 0x00000000d5e00000)
  object space 1380352K, 87% used [0x0000000081a00000,0x00000000cb55b918,0x00000000d5e00000)
 Metaspace       used 49644K, capacity 52528K, committed 52696K, reserved 1095680K
  class space    used 6608K, capacity 7087K, committed 7168K, reserved 1048576K
Event: 236.702 GC heap after
Heap after GC invocations=16 (full 3):
 PSYoungGen      total 177152K, used 0K [0x00000000d5e00000, 0x00000000e1c00000, 0x0000000100000000)
  eden space 161792K, 0% used [0x00000000d5e00000,0x00000000d5e00000,0x00000000dfc00000)
  from space 15360K, 0% used [0x00000000dfe00000,0x00000000dfe00000,0x00000000e0d00000)
  to   space 12800K, 0% used [0x00000000e0f80000,0x00000000e0f80000,0x00000000e1c00000)
 ParOldGen       total 1380352K, used 1207662K [0x0000000081a00000, 0x00000000d5e00000, 0x00000000d5e00000)
  object space 1380352K, 87% used [0x0000000081a00000,0x00000000cb55b918,0x00000000d5e00000)
 Metaspace       used 49644K, capacity 52528K, committed 52696K, reserved 1095680K
  class space    used 6608K, capacity 7087K, committed 7168K, reserved 1048576K
}
Event: 236.702 GC heap before
{Heap before GC invocations=17 (full 4):
 PSYoungGen      total 177152K, used 0K [0x00000000d5e00000, 0x00000000e1c00000, 0x0000000100000000)
  eden space 161792K, 0% used [0x00000000d5e00000,0x00000000d5e00000,0x00000000dfc00000)
  from space 15360K, 0% used [0x00000000dfe00000,0x00000000dfe00000,0x00000000e0d00000)
  to   space 12800K, 0% used [0x00000000e0f80000,0x00000000e0f80000,0x00000000e1c00000)
 ParOldGen       total 1380352K, used 1207662K [0x0000000081a00000, 0x00000000d5e00000, 0x00000000d5e00000)
  object space 1380352K, 87% used [0x0000000081a00000,0x00000000cb55b918,0x00000000d5e00000)
 Metaspace       used 49644K, capacity 52528K, committed 52696K, reserved 1095680K
  class space    used 6608K, capacity 7087K, committed 7168K, reserved 1048576K
Event: 238.139 GC heap after
Heap after GC invocations=17 (full 4):
 PSYoungGen      total 177152K, used 0K [0x00000000d5e00000, 0x00000000e1c00000, 0x0000000100000000)
  eden space 161792K, 0% used [0x00000000d5e00000,0x00000000d5e00000,0x00000000dfc00000)
  from space 15360K, 0% used [0x00000000dfe00000,0x00000000dfe00000,0x00000000e0d00000)
  to   space 12800K, 0% used [0x00000000e0f80000,0x00000000e0f80000,0x00000000e1c00000)
 ParOldGen       total 1380352K, used 1202903K [0x0000000081a00000, 0x00000000d5e00000, 0x00000000d5e00000)
  object space 1380352K, 87% used [0x0000000081a00000,0x00000000cb0b5f70,0x00000000d5e00000)
 Metaspace       used 49366K, capacity 52094K, committed 52696K, reserved 1095680K
  class space    used 6566K, capacity 7010K, committed 7168K, reserved 1048576K
}

