# JRE version: Java(TM) SE Runtime Environment (8.0_221-b11) (build 1.8.0_221-b11)
# Java VM: Java HotSpot(TM) 64-Bit Server VM (25.221-b11 mixed mode windows-amd64 compressed oops)
Heap:
 PSYoungGen      total 105472K, used 48696K [0x00000000d5e00000, 0x00000000dd100000, 0x0000000100000000)
  eden space 95232K, 51% used [0x00000000d5e00000,0x00000000d8d8e158,0x00000000dbb00000)
  from space 10240K, 0% used [0x00000000dbb00000,0x00000000dbb00000,0x00000000dc500000)
  to   space 9216K, 0% used [0x00000000dc500000,0x00000000dc500000,0x00000000dce00000)
 ParOldGen       total 92160K, used 15091K [0x0000000081a00000, 0x0000000087400000, 0x00000000d5e00000)
  object space 92160K, 16% used [0x0000000081a00000,0x00000000828bcd58,0x0000000087400000)
 Metaspace       used 35939K, capacity 37596K, committed 37720K, reserved 1081344K
  class space    used 4651K, capacity 4979K, committed 4992K, reserved 1048576K
GC Heap History (10 events):
Event: 1.376 GC heap before
{Heap before GC invocations=5 (full 1):
 PSYoungGen      total 71680K, used 5090K [0x00000000d5e00000, 0x00000000da900000, 0x0000000100000000)
  eden space 66560K, 0% used [0x00000000d5e00000,0x00000000d5e00000,0x00000000d9f00000)
  from space 5120K, 99% used [0x00000000da400000,0x00000000da8f8b38,0x00000000da900000)
  to   space 5120K, 0% used [0x00000000d9f00000,0x00000000d9f00000,0x00000000da400000)
 ParOldGen       total 87552K, used 4623K [0x0000000081a00000, 0x0000000086f80000, 0x00000000d5e00000)
  object space 87552K, 5% used [0x0000000081a00000,0x0000000081e83f90,0x0000000086f80000)
 Metaspace       used 20591K, capacity 21190K, committed 21248K, reserved 1067008K
  class space    used 2642K, capacity 2810K, committed 2816K, reserved 1048576K
Event: 1.403 GC heap after
Heap after GC invocations=5 (full 1):
 PSYoungGen      total 71680K, used 0K [0x00000000d5e00000, 0x00000000da900000, 0x0000000100000000)
  eden space 66560K, 0% used [0x00000000d5e00000,0x00000000d5e00000,0x00000000d9f00000)
  from space 5120K, 0% used [0x00000000da400000,0x00000000da400000,0x00000000da900000)
  to   space 5120K, 0% used [0x00000000d9f00000,0x00000000d9f00000,0x00000000da400000)
 ParOldGen       total 58880K, used 6189K [0x0000000081a00000, 0x0000000085380000, 0x00000000d5e00000)
  object space 58880K, 10% used [0x0000000081a00000,0x000000008200b4f0,0x0000000085380000)
 Metaspace       used 20589K, capacity 21184K, committed 21248K, reserved 1067008K
  class space    used 2641K, capacity 2809K, committed 2816K, reserved 1048576K
}
Event: 6.431 GC heap before
{Heap before GC invocations=6 (full 1):
 PSYoungGen      total 71680K, used 66560K [0x00000000d5e00000, 0x00000000da900000, 0x0000000100000000)
  eden space 66560K, 100% used [0x00000000d5e00000,0x00000000d9f00000,0x00000000d9f00000)
  from space 5120K, 0% used [0x00000000da400000,0x00000000da400000,0x00000000da900000)
  to   space 5120K, 0% used [0x00000000d9f00000,0x00000000d9f00000,0x00000000da400000)
 ParOldGen       total 58880K, used 6189K [0x0000000081a00000, 0x0000000085380000, 0x00000000d5e00000)
  object space 58880K, 10% used [0x0000000081a00000,0x000000008200b4f0,0x0000000085380000)
 Metaspace       used 27413K, capacity 28328K, committed 28416K, reserved 1073152K
  class space    used 3571K, capacity 3791K, committed 3840K, reserved 1048576K
Event: 6.439 GC heap after
Heap after GC invocations=6 (full 1):
 PSYoungGen      total 71680K, used 5118K [0x00000000d5e00000, 0x00000000dce00000, 0x0000000100000000)
  eden space 66560K, 0% used [0x00000000d5e00000,0x00000000d5e00000,0x00000000d9f00000)
  from space 5120K, 99% used [0x00000000d9f00000,0x00000000da3ff9f8,0x00000000da400000)
  to   space 9216K, 0% used [0x00000000dc500000,0x00000000dc500000,0x00000000dce00000)
 ParOldGen       total 58880K, used 8658K [0x0000000081a00000, 0x0000000085380000, 0x00000000d5e00000)
  object space 58880K, 14% used [0x0000000081a00000,0x0000000082274918,0x0000000085380000)
 Metaspace       used 27413K, capacity 28328K, committed 28416K, reserved 1073152K
  class space    used 3571K, capacity 3791K, committed 3840K, reserved 1048576K
}
Event: 6.838 GC heap before
{Heap before GC invocations=7 (full 1):
 PSYoungGen      total 71680K, used 71678K [0x00000000d5e00000, 0x00000000dce00000, 0x0000000100000000)
  eden space 66560K, 100% used [0x00000000d5e00000,0x00000000d9f00000,0x00000000d9f00000)
  from space 5120K, 99% used [0x00000000d9f00000,0x00000000da3ff9f8,0x00000000da400000)
  to   space 9216K, 0% used [0x00000000dc500000,0x00000000dc500000,0x00000000dce00000)
 ParOldGen       total 58880K, used 8658K [0x0000000081a00000, 0x0000000085380000, 0x00000000d5e00000)
  object space 58880K, 14% used [0x0000000081a00000,0x0000000082274918,0x0000000085380000)
 Metaspace       used 29649K, capacity 30668K, committed 30720K, reserved 1075200K
  class space    used 3864K, capacity 4083K, committed 4096K, reserved 1048576K
Event: 6.846 GC heap after
Heap after GC invocations=7 (full 1):
 PSYoungGen      total 104448K, used 8851K [0x00000000d5e00000, 0x00000000dd100000, 0x0000000100000000)
  eden space 95232K, 0% used [0x00000000d5e00000,0x00000000d5e00000,0x00000000dbb00000)
  from space 9216K, 96% used [0x00000000dc500000,0x00000000dcda4de0,0x00000000dce00000)
  to   space 10240K, 0% used [0x00000000dbb00000,0x00000000dbb00000,0x00000000dc500000)
 ParOldGen       total 58880K, used 8666K [0x0000000081a00000, 0x0000000085380000, 0x00000000d5e00000)
  object space 58880K, 14% used [0x0000000081a00000,0x0000000082276918,0x0000000085380000)
 Metaspace       used 29649K, capacity 30668K, committed 30720K, reserved 1075200K
  class space    used 3864K, capacity 4083K, committed 4096K, reserved 1048576K
}
Event: 7.569 GC heap before
{Heap before GC invocations=8 (full 1):
 PSYoungGen      total 104448K, used 67294K [0x00000000d5e00000, 0x00000000dd100000, 0x0000000100000000)
  eden space 95232K, 61% used [0x00000000d5e00000,0x00000000d9712c90,0x00000000dbb00000)
  from space 9216K, 96% used [0x00000000dc500000,0x00000000dcda4de0,0x00000000dce00000)
  to   space 10240K, 0% used [0x00000000dbb00000,0x00000000dbb00000,0x00000000dc500000)
 ParOldGen       total 58880K, used 8666K [0x0000000081a00000, 0x0000000085380000, 0x00000000d5e00000)
  object space 58880K, 14% used [0x0000000081a00000,0x0000000082276918,0x0000000085380000)
 Metaspace       used 33873K, capacity 35268K, committed 35416K, reserved 1079296K
  class space    used 4376K, capacity 4645K, committed 4736K, reserved 1048576K
Event: 7.579 GC heap after
Heap after GC invocations=8 (full 1):
 PSYoungGen      total 105472K, used 10208K [0x00000000d5e00000, 0x00000000dd100000, 0x0000000100000000)
  eden space 95232K, 0% used [0x00000000d5e00000,0x00000000d5e00000,0x00000000dbb00000)
  from space 10240K, 99% used [0x00000000dbb00000,0x00000000dc4f8118,0x00000000dc500000)
  to   space 9216K, 0% used [0x00000000dc500000,0x00000000dc500000,0x00000000dce00000)
 ParOldGen       total 58880K, used 9748K [0x0000000081a00000, 0x0000000085380000, 0x00000000d5e00000)
  object space 58880K, 16% used [0x0000000081a00000,0x0000000082385170,0x0000000085380000)
 Metaspace       used 33873K, capacity 35268K, committed 35416K, reserved 1079296K
  class space    used 4376K, capacity 4645K, committed 4736K, reserved 1048576K
}
Event: 7.579 GC heap before
{Heap before GC invocations=9 (full 2):
 PSYoungGen      total 105472K, used 10208K [0x00000000d5e00000, 0x00000000dd100000, 0x0000000100000000)
  eden space 95232K, 0% used [0x00000000d5e00000,0x00000000d5e00000,0x00000000dbb00000)
  from space 10240K, 99% used [0x00000000dbb00000,0x00000000dc4f8118,0x00000000dc500000)
  to   space 9216K, 0% used [0x00000000dc500000,0x00000000dc500000,0x00000000dce00000)
 ParOldGen       total 58880K, used 9748K [0x0000000081a00000, 0x0000000085380000, 0x00000000d5e00000)
  object space 58880K, 16% used [0x0000000081a00000,0x0000000082385170,0x0000000085380000)
 Metaspace       used 33873K, capacity 35268K, committed 35416K, reserved 1079296K
  class space    used 4376K, capacity 4645K, committed 4736K, reserved 1048576K
Event: 7.631 GC heap after
Heap after GC invocations=9 (full 2):
 PSYoungGen      total 105472K, used 0K [0x00000000d5e00000, 0x00000000dd100000, 0x0000000100000000)
  eden space 95232K, 0% used [0x00000000d5e00000,0x00000000d5e00000,0x00000000dbb00000)
  from space 10240K, 0% used [0x00000000dbb00000,0x00000000dbb00000,0x00000000dc500000)
  to   space 9216K, 0% used [0x00000000dc500000,0x00000000dc500000,0x00000000dce00000)
 ParOldGen       total 92160K, used 15091K [0x0000000081a00000, 0x0000000087400000, 0x00000000d5e00000)
  object space 92160K, 16% used [0x0000000081a00000,0x00000000828bcd58,0x0000000087400000)
 Metaspace       used 33873K, capacity 35268K, committed 35416K, reserved 1079296K
  class space    used 4376K, capacity 4645K, committed 4736K, reserved 1048576K
}

